<?xml version="1.0" encoding="UTF-8"?>
<testsuite name="iss.work.mantis.tests.ChangePasswordTests" tests="1" skipped="1" failures="0" errors="0" timestamp="2020-05-06T14:20:38" hostname="Xakaz-PC" time="126.598">
  <properties/>
  <testcase name="testChangePassword" classname="iss.work.mantis.tests.ChangePasswordTests" time="126.598">
    <skipped/>
  </testcase>
  <system-out><![CDATA[]]></system-out>
  <system-err><![CDATA[SLF4J: Failed to load class "org.slf4j.impl.StaticMDCBinder".
SLF4J: Defaulting to no-operation MDCAdapter implementation.
SLF4J: See http://www.slf4j.org/codes.html#no_static_mdc_binder for further details.
Starting ChromeDriver 80.0.3987.106 (f68069574609230cf9b635cd784cfb1bf81bb53a-refs/branch-heads/3987@{#882}) on port 31836
Only local connections are allowed.
Please protect ports used by ChromeDriver and related test frameworks to prevent access by malicious code.
[1588774841.918][WARNING]: This version of ChromeDriver has not been tested with Chrome version 81.
мая 06, 2020 9:20:43 PM org.openqa.selenium.remote.ProtocolHandshake createSession
INFO: Detected dialect: W3C
[1588774847.811][SEVERE]: Timed out receiving message from renderer: 0.100
[1588774847.912][SEVERE]: Timed out receiving message from renderer: 0.100
[1588774848.014][SEVERE]: Timed out receiving message from renderer: 0.100
[1588774848.116][SEVERE]: Timed out receiving message from renderer: 0.100
[1588774848.218][SEVERE]: Timed out receiving message from renderer: 0.100
[1588774848.319][SEVERE]: Timed out receiving message from renderer: 0.100
[1588774848.421][SEVERE]: Timed out receiving message from renderer: 0.100
[1588774848.523][SEVERE]: Timed out receiving message from renderer: 0.100
[1588774848.628][SEVERE]: Timed out receiving message from renderer: 0.100
[1588774848.730][SEVERE]: Timed out receiving message from renderer: 0.100
[1588774848.832][SEVERE]: Timed out receiving message from renderer: 0.100
[1588774848.933][SEVERE]: Timed out receiving message from renderer: 0.100
[1588774849.035][SEVERE]: Timed out receiving message from renderer: 0.100
[1588774849.137][SEVERE]: Timed out receiving message from renderer: 0.100
[1588774849.243][SEVERE]: Timed out receiving message from renderer: 0.100
[1588774849.373][SEVERE]: Timed out receiving message from renderer: 0.100
[1588774849.480][SEVERE]: Timed out receiving message from renderer: 0.100
[1588774849.581][SEVERE]: Timed out receiving message from renderer: 0.100
[1588774849.683][SEVERE]: Timed out receiving message from renderer: 0.100
[1588774849.786][SEVERE]: Timed out receiving message from renderer: 0.100
[1588774849.888][SEVERE]: Timed out receiving message from renderer: 0.100
[1588774851.083][SEVERE]: Timed out receiving message from renderer: 0.100
[1588774852.192][SEVERE]: Timed out receiving message from renderer: 0.100
]]></system-err>
</testsuite>
