<?xml version="1.0" encoding="UTF-8"?>
<testsuite name="iss.work.addressbook.tests.ContactCreationTests" tests="3" skipped="0" failures="0" errors="0" timestamp="2020-04-02T13:20:49" hostname="Xakaz-PC" time="45.195">
  <properties/>
  <testcase name="testContactCreation[0](iss.work.addressbook.model.ContactData@ef711a4c)" classname="iss.work.addressbook.tests.ContactCreationTests" time="17.165"/>
  <testcase name="testContactCreation[1](iss.work.addressbook.model.ContactData@ef711a4d)" classname="iss.work.addressbook.tests.ContactCreationTests" time="7.147"/>
  <testcase name="testContactCreation[2](iss.work.addressbook.model.ContactData@ef711a4e)" classname="iss.work.addressbook.tests.ContactCreationTests" time="20.873"/>
  <system-out><![CDATA[]]></system-out>
  <system-err><![CDATA[[1585833662.036][SEVERE]: Timed out receiving message from renderer: 0.100
[1585833662.137][SEVERE]: Timed out receiving message from renderer: 0.100
[1585833662.241][SEVERE]: Timed out receiving message from renderer: 0.100
[1585833663.767][SEVERE]: Timed out receiving message from renderer: 0.100
[1585833666.632][SEVERE]: Timed out receiving message from renderer: 0.100
[1585833670.294][SEVERE]: Timed out receiving message from renderer: 0.100
[1585833674.027][SEVERE]: Timed out receiving message from renderer: 0.100
[1585833674.129][SEVERE]: Timed out receiving message from renderer: 0.100
[1585833674.231][SEVERE]: Timed out receiving message from renderer: 0.100
[1585833674.334][SEVERE]: Timed out receiving message from renderer: 0.100
[1585833674.436][SEVERE]: Timed out receiving message from renderer: 0.100
[1585833674.538][SEVERE]: Timed out receiving message from renderer: 0.100
[1585833682.388][SEVERE]: Timed out receiving message from renderer: 0.100
[1585833682.490][SEVERE]: Timed out receiving message from renderer: 0.100
[1585833682.591][SEVERE]: Timed out receiving message from renderer: 0.100
[1585833682.693][SEVERE]: Timed out receiving message from renderer: 0.100
[1585833682.796][SEVERE]: Timed out receiving message from renderer: 0.100
]]></system-err>
</testsuite>
